<?xml version="1.0" encoding="UTF-8"?>
<!-- Generated by org.testng.reporters.JUnitXMLReporter -->
<testsuite ignored="0" hostname="sujeetmauryalap" failures="0" tests="3" name="ClearTheCartAfterAddingProducts" time="14.322" errors="0" timestamp="2026-02-10T09:28:20 IST">
  <testcase classname="testCases.TC005_ClearTheCart" name="LoginTheSite" time="1.797"/>
  <testcase classname="testCases.TC005_ClearTheCart" name="AddToCart" time="4.942"/>
  <testcase classname="testCases.TC005_ClearTheCart" name="GoToCartAndClear" time="2.171"/>
</testsuite> <!-- ClearTheCartAfterAddingProducts -->
