<?xml version="1.0" encoding="UTF-8"?>
<!-- Generated by org.testng.reporters.JUnitXMLReporter -->
<testsuite ignored="0" hostname="sujeetmauryalap" failures="0" tests="3" name="ClearTheCartAfterAddingProducts" time="14.372" errors="0" timestamp="2026-03-04T00:40:02 IST">
  <testcase classname="testCases.TC005_ClearTheCart" name="LoginTheSite" time="1.695"/>
  <testcase classname="testCases.TC005_ClearTheCart" name="AddToCart" time="4.738"/>
  <testcase classname="testCases.TC005_ClearTheCart" name="GoToCartAndClear" time="2.651"/>
</testsuite> <!-- ClearTheCartAfterAddingProducts -->
