<?xml version="1.0" encoding="UTF-8"?>
<!-- Generated by org.testng.reporters.JUnitXMLReporter -->
<testsuite ignored="0" hostname="sujeetmauryalap" failures="1" tests="4" name="LoginDDT" time="26.232" errors="0" timestamp="2026-02-10T09:28:47 IST">
  <testcase classname="testCases.TC001_LoginDDT" name="VerifyLoginData" time="3.274"/>
  <testcase classname="testCases.TC001_LoginDDT" name="VerifyLoginData" time="2.619">
    <failure type="java.lang.AssertionError" message="expected [true] but found [false]">
      <![CDATA[java.lang.AssertionError: expected [true] but found [false]
at testCases.TC001_LoginDDT.VerifyLoginData(TC001_LoginDDT.java:36)
at java.base/java.util.ArrayList.forEach(ArrayList.java:1511)
... Removed 31 stack frames]]>
    </failure>
  </testcase> <!-- VerifyLoginData -->
  <testcase classname="testCases.TC001_LoginDDT" name="VerifyLoginData" time="2.682"/>
  <testcase classname="testCases.TC001_LoginDDT" name="VerifyLoginData" time="11.329"/>
</testsuite> <!-- LoginDDT -->
