<?xml version="1.0" encoding="UTF-8"?>
<!-- Generated by org.testng.reporters.JUnitXMLReporter -->
<testsuite ignored="0" hostname="sujeetmauryalap" failures="1" tests="4" name="LoginDDT" time="27.254" errors="0" timestamp="2026-03-04T00:40:30 IST">
  <testcase classname="testCases.TC001_LoginDDT" name="VerifyLoginData" time="3.557"/>
  <testcase classname="testCases.TC001_LoginDDT" name="VerifyLoginData" time="2.904">
    <failure type="java.lang.AssertionError" message="expected [true] but found [false]">
      <![CDATA[java.lang.AssertionError: expected [true] but found [false]
at testCases.TC001_LoginDDT.VerifyLoginData(TC001_LoginDDT.java:36)
at java.base/java.util.ArrayList.forEach(ArrayList.java:1511)
... Removed 31 stack frames]]>
    </failure>
  </testcase> <!-- VerifyLoginData -->
  <testcase classname="testCases.TC001_LoginDDT" name="VerifyLoginData" time="2.877"/>
  <testcase classname="testCases.TC001_LoginDDT" name="VerifyLoginData" time="11.201"/>
</testsuite> <!-- LoginDDT -->
