<?xml version="1.0" encoding="UTF-8"?>
<!-- Generated by org.testng.reporters.JUnitXMLReporter -->
<testsuite ignored="0" hostname="sujeetmauryalap" failures="0" tests="4" name="ReOrder" time="19.458" errors="0" timestamp="2026-03-04T00:39:47 IST">
  <testcase classname="testCases.TC006_ReOrder" name="LoginInApplicatinon" time="1.659"/>
  <testcase classname="testCases.TC006_ReOrder" name="ReorderTheProduct" time="2.545"/>
  <testcase classname="testCases.TC006_ReOrder" name="CheckouFromCart" time="2.444"/>
  <testcase classname="testCases.TC006_ReOrder" name="ReCheckoutAndBillingPaymentDelhivery" time="7.349"/>
</testsuite> <!-- ReOrder -->
