<?xml version="1.0" encoding="UTF-8"?>
<!-- Generated by org.testng.reporters.JUnitXMLReporter -->
<testsuite ignored="0" hostname="sujeetmauryalap" failures="0" tests="3" name="SearchToSimpleComputerToPurachaseOrder" time="16.225" errors="0" timestamp="2026-02-10T09:45:34 IST">
  <testcase classname="testCases.TC005_ClearTheCart" name="LoginTheSite" time="1.789"/>
  <testcase classname="testCases.TC005_ClearTheCart" name="AddToCart" time="6.084"/>
  <testcase classname="testCases.TC005_ClearTheCart" name="GoToCartAndClear" time="2.125"/>
</testsuite> <!-- SearchToSimpleComputerToPurachaseOrder -->
