<?xml version="1.0" encoding="UTF-8"?>
<!-- Generated by org.testng.reporters.JUnitXMLReporter -->
<testsuite ignored="0" hostname="sujeetmauryalap" failures="0" tests="3" name="SearchToSimpleComputerToPurachaseOrder" time="14.456" errors="0" timestamp="2026-03-04T00:39:27 IST">
  <testcase classname="testCases.TC005_ClearTheCart" name="LoginTheSite" time="0.85"/>
  <testcase classname="testCases.TC005_ClearTheCart" name="AddToCart" time="5.392"/>
  <testcase classname="testCases.TC005_ClearTheCart" name="GoToCartAndClear" time="2.608"/>
</testsuite> <!-- SearchToSimpleComputerToPurachaseOrder -->
