<?xml version="1.0" encoding="UTF-8"?>
<!-- Generated by org.testng.reporters.JUnitXMLReporter -->
<testsuite ignored="0" hostname="sujeetmauryalap" failures="0" tests="4" name="SearchAndClickOnProductOfAutoSuggAndAddIntoCart" time="26.155" errors="0" timestamp="2026-03-04T00:39:12 IST">
  <testcase classname="testCases.TC002_SearchAndClickOnProductOfAutoSuggAndAddIntoCart" name="LoginAccount" time="0.943"/>
  <testcase classname="testCases.TC002_SearchAndClickOnProductOfAutoSuggAndAddIntoCart" name="AddToCart" time="4.87"/>
  <testcase classname="testCases.TC002_SearchAndClickOnProductOfAutoSuggAndAddIntoCart" name="GoToCartAndCheckout" time="2.649"/>
  <testcase classname="testCases.TC002_SearchAndClickOnProductOfAutoSuggAndAddIntoCart" name="CheckoutAndBillingPaymentDelhivery" time="8.807"/>
</testsuite> <!-- SearchAndClickOnProductOfAutoSuggAndAddIntoCart -->
