<?xml version="1.0" encoding="UTF-8"?>
<!-- Generated by org.testng.reporters.JUnitXMLReporter -->
<testsuite ignored="0" hostname="sujeetmauryalap" failures="0" tests="4" name="Test" time="25.771" errors="0" timestamp="2026-02-08T23:31:51 IST">
  <testcase classname="testCases.TC002_SearchAndClickOnProductOfAutoSuggAndAddIntoCart" name="LoginAccount" time="1.721"/>
  <testcase classname="testCases.TC002_SearchAndClickOnProductOfAutoSuggAndAddIntoCart" name="AddToCart" time="4.143"/>
  <testcase classname="testCases.TC002_SearchAndClickOnProductOfAutoSuggAndAddIntoCart" name="GoToCartAndCheckout" time="2.68"/>
  <testcase classname="testCases.TC002_SearchAndClickOnProductOfAutoSuggAndAddIntoCart" name="CheckoutAndBillingPaymentDelhivery" time="10.379"/>
</testsuite> <!-- Test -->
