<?xml version="1.0" encoding="UTF-8"?>
<!-- Generated by org.testng.reporters.JUnitXMLReporter -->
<testsuite ignored="0" hostname="sujeetmauryalap" failures="0" tests="4" name="Test" time="23.769" errors="0" timestamp="2026-02-10T08:09:15 IST">
  <testcase classname="testCases.TC003_SearchToSimpleComputerToPurachaseOrder" name="LoginPage" time="2.59"/>
  <testcase classname="testCases.TC003_SearchToSimpleComputerToPurachaseOrder" name="SearchProduct" time="6.71"/>
  <testcase classname="testCases.TC003_SearchToSimpleComputerToPurachaseOrder" name="GoToCartAndCheckout" time="2.955"/>
  <testcase classname="testCases.TC003_SearchToSimpleComputerToPurachaseOrder" name="CheckoutAndBillingPaymentDelhivery" time="4.924"/>
</testsuite> <!-- Test -->
