<?xml version="1.0" encoding="UTF-8"?>
<!-- Generated by org.testng.reporters.JUnitXMLReporter -->
<testsuite ignored="0" hostname="sujeetmauryalap" failures="0" tests="3" name="SearchToSimpleComputerToPurachaseOrder" time="23.796" errors="0" timestamp="2026-02-19T21:36:38 IST">
  <testcase classname="testCases.TC005_ClearTheCart" name="LoginTheSite" time="2.595"/>
  <testcase classname="testCases.TC005_ClearTheCart" name="AddToCart" time="6.004"/>
  <testcase classname="testCases.TC005_ClearTheCart" name="GoToCartAndClear" time="3.726"/>
</testsuite> <!-- SearchToSimpleComputerToPurachaseOrder -->
