<?xml version="1.0" encoding="UTF-8"?>
<!-- Generated by org.testng.reporters.JUnitReportReporter -->
<testsuite hostname="sujeetmauryalap" failures="0" tests="4" name="testCases.TC003_SearchToSimpleComputerToPurachaseOrder" time="15.304" errors="0" timestamp="2026-02-10T09:43:00 IST" skipped="0">
  <testcase classname="testCases.TC003_SearchToSimpleComputerToPurachaseOrder" name="LoginPage" time="0.979"/>
  <testcase classname="testCases.TC003_SearchToSimpleComputerToPurachaseOrder" name="SearchProduct" time="7.076"/>
  <testcase classname="testCases.TC003_SearchToSimpleComputerToPurachaseOrder" name="GoToCartAndCheckout" time="2.535"/>
  <testcase classname="testCases.TC003_SearchToSimpleComputerToPurachaseOrder" name="CheckoutAndBillingPaymentDelhivery" time="4.714"/>
</testsuite> <!-- testCases.TC003_SearchToSimpleComputerToPurachaseOrder -->
