<?xml version="1.0" encoding="UTF-8"?>
<!-- Generated by org.testng.reporters.JUnitReportReporter -->
<testsuite hostname="sujeetmauryalap" failures="0" tests="4" name="testCases.TC006_ReOrder" time="14.578" errors="0" timestamp="2026-02-10T09:44:36 IST" skipped="0">
  <testcase classname="testCases.TC006_ReOrder" name="LoginInApplicatinon" time="1.710"/>
  <testcase classname="testCases.TC006_ReOrder" name="ReorderTheProduct" time="3.922"/>
  <testcase classname="testCases.TC006_ReOrder" name="CheckouFromCart" time="1.841"/>
  <testcase classname="testCases.TC006_ReOrder" name="ReCheckoutAndBillingPaymentDelhivery" time="7.105"/>
</testsuite> <!-- testCases.TC006_ReOrder -->
