<?xml version="1.0" encoding="UTF-8"?>
<!-- Generated by org.testng.reporters.JUnitReportReporter -->
<testsuite hostname="sujeetmauryalap" failures="0" tests="4" name="testCases.TC006_ReOrder" time="13.997" errors="0" timestamp="2026-03-04T00:40:30 IST" skipped="0">
  <testcase classname="testCases.TC006_ReOrder" name="LoginInApplicatinon" time="1.659"/>
  <testcase classname="testCases.TC006_ReOrder" name="ReorderTheProduct" time="2.545"/>
  <testcase classname="testCases.TC006_ReOrder" name="CheckouFromCart" time="2.444"/>
  <testcase classname="testCases.TC006_ReOrder" name="ReCheckoutAndBillingPaymentDelhivery" time="7.349"/>
</testsuite> <!-- testCases.TC006_ReOrder -->
