<?xml version="1.0" encoding="UTF-8"?>
<!-- Generated by org.testng.reporters.JUnitReportReporter -->
<testsuite hostname="sujeetmauryalap" failures="0" tests="3" name="testCases.TC005_ClearTheCart" time="14.122" errors="0" timestamp="2026-01-12T17:30:18 IST" skipped="0">
  <testcase classname="testCases.TC005_ClearTheCart" name="LoginTheSite" time="4.763"/>
  <testcase classname="testCases.TC005_ClearTheCart" name="AddToCart" time="6.257"/>
  <testcase classname="testCases.TC005_ClearTheCart" name="GoToCartAndClear" time="3.102"/>
</testsuite> <!-- testCases.TC005_ClearTheCart -->
