<?xml version="1.0" encoding="UTF-8"?>
<!-- Generated by org.testng.reporters.JUnitReportReporter -->
<testsuite hostname="sujeetmauryalap" failures="0" tests="4" name="testCases.TC002_SearchAndClickOnProductOfAutoSuggAndAddIntoCart" time="17.269" errors="0" timestamp="2026-03-04T00:40:30 IST" skipped="0">
  <testcase classname="testCases.TC002_SearchAndClickOnProductOfAutoSuggAndAddIntoCart" name="LoginAccount" time="0.943"/>
  <testcase classname="testCases.TC002_SearchAndClickOnProductOfAutoSuggAndAddIntoCart" name="AddToCart" time="4.870"/>
  <testcase classname="testCases.TC002_SearchAndClickOnProductOfAutoSuggAndAddIntoCart" name="GoToCartAndCheckout" time="2.649"/>
  <testcase classname="testCases.TC002_SearchAndClickOnProductOfAutoSuggAndAddIntoCart" name="CheckoutAndBillingPaymentDelhivery" time="8.807"/>
</testsuite> <!-- testCases.TC002_SearchAndClickOnProductOfAutoSuggAndAddIntoCart -->
