<?xml version="1.0" encoding="UTF-8"?>
<!-- Generated by org.testng.reporters.JUnitReportReporter -->
<testsuite hostname="sujeetmauryalap" failures="0" tests="3" name="testCases.TC005_ClearTheCart" time="10.810" errors="0" timestamp="2026-02-10T07:50:43 IST" skipped="0">
  <testcase classname="testCases.TC005_ClearTheCart" name="LoginTheSite" time="2.243"/>
  <testcase classname="testCases.TC005_ClearTheCart" name="AddToCart" time="5.459"/>
  <testcase classname="testCases.TC005_ClearTheCart" name="GoToCartAndClear" time="3.108"/>
</testsuite> <!-- testCases.TC005_ClearTheCart -->
