<?xml version="1.0" encoding="UTF-8"?>
<!-- Generated by org.testng.reporters.JUnitReportReporter -->
<testsuite hostname="sujeetmauryalap" failures="0" tests="4" name="testCases.TC002_SearchAndClickOnProductOfAutoSuggAndAddIntoCart" time="18.923" errors="0" timestamp="2026-02-08T23:31:51 IST" skipped="0">
  <testcase classname="testCases.TC002_SearchAndClickOnProductOfAutoSuggAndAddIntoCart" name="LoginAccount" time="1.721"/>
  <testcase classname="testCases.TC002_SearchAndClickOnProductOfAutoSuggAndAddIntoCart" name="AddToCart" time="4.143"/>
  <testcase classname="testCases.TC002_SearchAndClickOnProductOfAutoSuggAndAddIntoCart" name="GoToCartAndCheckout" time="2.680"/>
  <testcase classname="testCases.TC002_SearchAndClickOnProductOfAutoSuggAndAddIntoCart" name="CheckoutAndBillingPaymentDelhivery" time="10.379"/>
</testsuite> <!-- testCases.TC002_SearchAndClickOnProductOfAutoSuggAndAddIntoCart -->
