<?xml version="1.0" encoding="UTF-8"?>
<!-- Generated by org.testng.reporters.JUnitReportReporter -->
<testsuite hostname="sujeetmauryalap" failures="0" tests="4" name="testCases.TC003_SearchToSimpleComputerToPurachaseOrder" time="17.179" errors="0" timestamp="2026-02-10T08:09:15 IST" skipped="0">
  <testcase classname="testCases.TC003_SearchToSimpleComputerToPurachaseOrder" name="LoginPage" time="2.590"/>
  <testcase classname="testCases.TC003_SearchToSimpleComputerToPurachaseOrder" name="SearchProduct" time="6.710"/>
  <testcase classname="testCases.TC003_SearchToSimpleComputerToPurachaseOrder" name="GoToCartAndCheckout" time="2.955"/>
  <testcase classname="testCases.TC003_SearchToSimpleComputerToPurachaseOrder" name="CheckoutAndBillingPaymentDelhivery" time="4.924"/>
</testsuite> <!-- testCases.TC003_SearchToSimpleComputerToPurachaseOrder -->
