<?xml version="1.0" encoding="UTF-8"?>
<!-- Generated by org.testng.reporters.JUnitReportReporter -->
<testsuite hostname="sujeetmauryalap" failures="0" tests="3" name="testCases.TC005_ClearTheCart" time="12.325" errors="0" timestamp="2026-02-19T21:36:38 IST" skipped="0">
  <testcase classname="testCases.TC005_ClearTheCart" name="LoginTheSite" time="2.595"/>
  <testcase classname="testCases.TC005_ClearTheCart" name="AddToCart" time="6.004"/>
  <testcase classname="testCases.TC005_ClearTheCart" name="GoToCartAndClear" time="3.726"/>
</testsuite> <!-- testCases.TC005_ClearTheCart -->
